c:\users\hongchuan\c drive data\linus books\cc++ code 2nd edition\guicomplex\guicomplex\debug\guicomplex.pch
c:\users\hongchuan\c drive data\linus books\cc++ code 2nd edition\guicomplex\guicomplex\debug\vc141.pdb
c:\users\hongchuan\c drive data\linus books\cc++ code 2nd edition\guicomplex\guicomplex\debug\stdafx.obj
c:\users\hongchuan\c drive data\linus books\cc++ code 2nd edition\guicomplex\guicomplex\debug\vc142.pdb
c:\users\hongchuan\c drive data\linus books\cc++ code 2nd edition\guicomplex\guicomplex\debug\form1.obj
c:\users\hongchuan\c drive data\linus books\cc++ code 2nd edition\guicomplex\guicomplex\debug\cppclr_winformsprojekt.obj
c:\users\hongchuan\c drive data\linus books\cc++ code 2nd edition\guicomplex\guicomplex\debug\assemblyinfo.obj
c:\users\hongchuan\c drive data\linus books\cc++ code 2nd edition\guicomplex\guicomplex\debug\.netframework,version=v4.5.2.assemblyattributes.obj
c:\users\hongchuan\c drive data\linus books\cc++ code 2nd edition\guicomplex\guicomplex\debug\.netframework,version=v4.5.2.assemblyattributes.asm
c:\users\hongchuan\c drive data\linus books\cc++ code 2nd edition\guicomplex\guicomplex\debug\guicomplex.form1.resources
c:\users\hongchuan\c drive data\linus books\cc++ code 2nd edition\guicomplex\debug\guicomplex.exe
c:\users\hongchuan\c drive data\linus books\cc++ code 2nd edition\guicomplex\debug\guicomplex.pdb
c:\users\hongchuan\c drive data\linus books\cc++ code 2nd edition\guicomplex\guicomplex\debug\app.res
c:\users\hongchuan\c drive data\linus books\cc++ code 2nd edition\guicomplex\guicomplex\debug\guicomplex.vcxprojassemblyreference.cache
c:\users\hongchuan\c drive data\linus books\cc++ code 2nd edition\guicomplex\guicomplex\debug\guicomplex.tlog\cl.command.1.tlog
c:\users\hongchuan\c drive data\linus books\cc++ code 2nd edition\guicomplex\guicomplex\debug\guicomplex.tlog\cl.read.1.tlog
c:\users\hongchuan\c drive data\linus books\cc++ code 2nd edition\guicomplex\guicomplex\debug\guicomplex.tlog\cl.write.1.tlog
c:\users\hongchuan\c drive data\linus books\cc++ code 2nd edition\guicomplex\guicomplex\debug\guicomplex.tlog\guicomplex.write.1u.tlog
c:\users\hongchuan\c drive data\linus books\cc++ code 2nd edition\guicomplex\guicomplex\debug\guicomplex.tlog\link.command.1.tlog
c:\users\hongchuan\c drive data\linus books\cc++ code 2nd edition\guicomplex\guicomplex\debug\guicomplex.tlog\link.read.1.tlog
c:\users\hongchuan\c drive data\linus books\cc++ code 2nd edition\guicomplex\guicomplex\debug\guicomplex.tlog\link.write.1.tlog
c:\users\hongchuan\c drive data\linus books\cc++ code 2nd edition\guicomplex\guicomplex\debug\guicomplex.tlog\metagen.read.1.tlog
c:\users\hongchuan\c drive data\linus books\cc++ code 2nd edition\guicomplex\guicomplex\debug\guicomplex.tlog\metagen.write.1.tlog
c:\users\hongchuan\c drive data\linus books\cc++ code 2nd edition\guicomplex\guicomplex\debug\guicomplex.tlog\rc.command.1.tlog
c:\users\hongchuan\c drive data\linus books\cc++ code 2nd edition\guicomplex\guicomplex\debug\guicomplex.tlog\rc.read.1.tlog
c:\users\hongchuan\c drive data\linus books\cc++ code 2nd edition\guicomplex\guicomplex\debug\guicomplex.tlog\rc.write.1.tlog
c:\users\hongchuan\c drive data\linus books\cc++ code 2nd edition\guicomplex\guicomplex\debug\guicomplex.tlog\clui.dll.bi
